This is pdfTeX, Version 3.1415926-2.5-1.40.14 (MiKTeX 2.9 64-bit) (preloaded format=latex 2014.9.5)  18 MAR 2015 13:14
entering extended mode
**tesi.tex
(C:\Users\Adriano\Documents\Tesi\tesi-gaibotti\tesi.tex
LaTeX2e <2014/05/01>
Babel <3.9k> and hyphenation patterns for 68 languages loaded.
("C:\Program Files\MiKTeX 2.9\tex\latex\base\book.cls"
Document Class: book 2007/10/19 v1.4h Standard LaTeX document class
("C:\Program Files\MiKTeX 2.9\tex\latex\base\bk11.clo"
File: bk11.clo 2007/10/19 v1.4h Standard LaTeX file (size option)
)
\c@part=\count79
\c@chapter=\count80
\c@section=\count81
\c@subsection=\count82
\c@subsubsection=\count83
\c@paragraph=\count84
\c@subparagraph=\count85
\c@figure=\count86
\c@table=\count87
\abovecaptionskip=\skip41
\belowcaptionskip=\skip42
\bibindent=\dimen102
)
("C:\Program Files\MiKTeX 2.9\tex\latex\graphics\graphicx.sty"
Package: graphicx 2014/04/25 v1.0g Enhanced LaTeX Graphics (DPC,SPQR)

("C:\Program Files\MiKTeX 2.9\tex\latex\graphics\keyval.sty"
Package: keyval 2014/05/08 v1.15 key=value parser (DPC)
\KV@toks@=\toks14
)
("C:\Program Files\MiKTeX 2.9\tex\latex\graphics\graphics.sty"
Package: graphics 2009/02/05 v1.0o Standard LaTeX Graphics (DPC,SPQR)

("C:\Program Files\MiKTeX 2.9\tex\latex\graphics\trig.sty"
Package: trig 1999/03/16 v1.09 sin cos tan (DPC)
)
("C:\Program Files\MiKTeX 2.9\tex\latex\00miktex\graphics.cfg"
File: graphics.cfg 2007/01/18 v1.5 graphics configuration of teTeX/TeXLive
)
Package graphics Info: Driver file: dvips.def on input line 91.

("C:\Program Files\MiKTeX 2.9\tex\latex\graphics\dvips.def"
File: dvips.def 2014/04/23 v3.0j Driver-dependant file (DPC,SPQR)
))
\Gin@req@height=\dimen103
\Gin@req@width=\dimen104
)
("C:\Program Files\MiKTeX 2.9\tex\latex\tools\tabularx.sty"
Package: tabularx 2014/05/13 v2.10 `tabularx' package (DPC)

("C:\Program Files\MiKTeX 2.9\tex\latex\tools\array.sty"
Package: array 2008/09/09 v2.4c Tabular extension package (FMi)
\col@sep=\dimen105
\extrarowheight=\dimen106
\NC@list=\toks15
\extratabsurround=\skip43
\backup@length=\skip44
)
\TX@col@width=\dimen107
\TX@old@table=\dimen108
\TX@old@col=\dimen109
\TX@target=\dimen110
\TX@delta=\dimen111
\TX@cols=\count88
\TX@ftn=\toks16
)
("C:\Program Files\MiKTeX 2.9\tex\latex\url\url.sty"
\Urlmuskip=\muskip10
Package: url 2013/09/16  ver 3.4  Verb mode for urls, etc.
)
("C:\Program Files\MiKTeX 2.9\tex\latex\subfigure\subfigure.sty"
Package: subfigure 2002/07/30 v2.1.4 subfigure package
\subfigtopskip=\skip45
\subfigcapskip=\skip46
\subfigcaptopadj=\dimen112
\subfigbottomskip=\skip47
\subfigcapmargin=\dimen113
\subfiglabelskip=\skip48
\c@subfigure=\count89
\c@lofdepth=\count90
\c@subtable=\count91
\c@lotdepth=\count92

****************************************
* Local config file subfigure.cfg used *
****************************************
("C:\Program Files\MiKTeX 2.9\tex\latex\subfigure\subfigure.cfg")
\subfig@top=\skip49
\subfig@bottom=\skip50
)
("C:\Program Files\MiKTeX 2.9\tex\latex\tools\afterpage.sty"
Package: afterpage 1995/10/27 v1.08 After-Page Package (DPC)
\AP@output=\toks17
\AP@partial=\box26
\AP@footins=\box27
)
("C:\Program Files\MiKTeX 2.9\tex\latex\amsmath\amsmath.sty"
Package: amsmath 2013/01/14 v2.14 AMS math features
\@mathmargin=\skip51

For additional information on amsmath, use the `?' option.
("C:\Program Files\MiKTeX 2.9\tex\latex\amsmath\amstext.sty"
Package: amstext 2000/06/29 v2.01

("C:\Program Files\MiKTeX 2.9\tex\latex\amsmath\amsgen.sty"
File: amsgen.sty 1999/11/30 v2.0
\@emptytoks=\toks18
\ex@=\dimen114
))
("C:\Program Files\MiKTeX 2.9\tex\latex\amsmath\amsbsy.sty"
Package: amsbsy 1999/11/29 v1.2d
\pmbraise@=\dimen115
)
("C:\Program Files\MiKTeX 2.9\tex\latex\amsmath\amsopn.sty"
Package: amsopn 1999/12/14 v2.01 operator names
)
\inf@bad=\count93
LaTeX Info: Redefining \frac on input line 210.
\uproot@=\count94
\leftroot@=\count95
LaTeX Info: Redefining \overline on input line 306.
\classnum@=\count96
\DOTSCASE@=\count97
LaTeX Info: Redefining \ldots on input line 378.
LaTeX Info: Redefining \dots on input line 381.
LaTeX Info: Redefining \cdots on input line 466.
\Mathstrutbox@=\box28
\strutbox@=\box29
\big@size=\dimen116
LaTeX Font Info:    Redeclaring font encoding OML on input line 566.
LaTeX Font Info:    Redeclaring font encoding OMS on input line 567.
\macc@depth=\count98
\c@MaxMatrixCols=\count99
\dotsspace@=\muskip11
\c@parentequation=\count100
\dspbrk@lvl=\count101
\tag@help=\toks19
\row@=\count102
\column@=\count103
\maxfields@=\count104
\andhelp@=\toks20
\eqnshift@=\dimen117
\alignsep@=\dimen118
\tagshift@=\dimen119
\tagwidth@=\dimen120
\totwidth@=\dimen121
\lineht@=\dimen122
\@envbody=\toks21
\multlinegap=\skip52
\multlinetaggap=\skip53
\mathdisplay@stack=\toks22
LaTeX Info: Redefining \[ on input line 2665.
LaTeX Info: Redefining \] on input line 2666.
)
("C:\Program Files\MiKTeX 2.9\tex\latex\amsfonts\amssymb.sty"
Package: amssymb 2013/01/14 v3.01 AMS font symbols

("C:\Program Files\MiKTeX 2.9\tex\latex\amsfonts\amsfonts.sty"
Package: amsfonts 2013/01/14 v3.01 Basic AMSFonts support
\symAMSa=\mathgroup4
\symAMSb=\mathgroup5
LaTeX Font Info:    Overwriting math alphabet `\mathfrak' in version `bold'
(Font)                  U/euf/m/n --> U/euf/b/n on input line 106.
))
("C:\Program Files\MiKTeX 2.9\tex\latex\rotating\rotating.sty"
Package: rotating 2009/03/28 v2.16a rotated objects in LaTeX

("C:\Program Files\MiKTeX 2.9\tex\latex\base\ifthen.sty"
Package: ifthen 2001/05/26 v1.1c Standard LaTeX ifthen package (DPC)
)
\c@r@tfl@t=\count105
\rotFPtop=\skip54
\rotFPbot=\skip55
\rot@float@box=\box30
\rot@mess@toks=\toks23
)
("C:\Program Files\MiKTeX 2.9\tex\latex\fancyhdr\fancyhdr.sty"
\fancy@headwidth=\skip56
\f@ncyO@elh=\skip57
\f@ncyO@erh=\skip58
\f@ncyO@olh=\skip59
\f@ncyO@orh=\skip60
\f@ncyO@elf=\skip61
\f@ncyO@erf=\skip62
\f@ncyO@olf=\skip63
\f@ncyO@orf=\skip64
)
("C:\Program Files\MiKTeX 2.9\tex\latex\caption\caption.sty"
Package: caption 2013/05/02 v3.3-89 Customizing captions (AR)

("C:\Program Files\MiKTeX 2.9\tex\latex\caption\caption3.sty"
Package: caption3 2013/05/02 v1.6-88 caption3 kernel (AR)
Package caption3 Info: TeX engine: e-TeX on input line 57.
\captionmargin=\dimen123
\captionmargin@=\dimen124
\captionwidth=\dimen125
\caption@tempdima=\dimen126
\caption@indent=\dimen127
\caption@parindent=\dimen128
\caption@hangindent=\dimen129
)
\c@ContinuedFloat=\count106
Package caption Info: rotating package is loaded.
Package caption Info: subfigure package is loaded.
)
("C:\Program Files\MiKTeX 2.9\tex\latex\glossaries\base\glossaries.sty"
Package: glossaries 2014/08/12 v4.09 (NLCT)

("C:\Program Files\MiKTeX 2.9\tex\latex\xkeyval\xkeyval.sty"
Package: xkeyval 2014/05/25 v2.7 package option processing (HA)

("C:\Program Files\MiKTeX 2.9\tex\generic\xkeyval\xkeyval.tex"
("C:\Program Files\MiKTeX 2.9\tex\generic\xkeyval\xkvutils.tex"
\XKV@toks=\toks24
\XKV@tempa@toks=\toks25
)
\XKV@depth=\count107
File: xkeyval.tex 2014/05/25 v2.7 key=value parser (HA)
))
("C:\Program Files\MiKTeX 2.9\tex\latex\glossaries\base\mfirstuc.sty"
Package: mfirstuc 2014/07/30 v1.09 (NLCT)

("C:\Program Files\MiKTeX 2.9\tex\latex\etoolbox\etoolbox.sty"
Package: etoolbox 2011/01/03 v2.1 e-TeX tools for LaTeX

("C:\Program Files\MiKTeX 2.9\tex\latex\misc\etex.sty"
Package: etex 1998/03/26 v2.0 eTeX basic definition package (PEB)
\et@xins=\count108
)
\etb@tempcnta=\count109
)
\@glsmfirst=\toks26
\@glsmrest=\toks27
)
("C:\Program Files\MiKTeX 2.9\tex\latex\textcase\textcase.sty"
Package: textcase 2004/10/07 v0.07 Text only upper/lower case changing (DPC)
)
("C:\Program Files\MiKTeX 2.9\tex\latex\xfor\xfor.sty"
Package: xfor 2009/02/05 v1.05 (NLCT)
)
("C:\Program Files\MiKTeX 2.9\tex\latex\datatool\datatool-base.sty"
Package: datatool-base 2014/06/10 v2.22 (NLCT)

("C:\Program Files\MiKTeX 2.9\tex\latex\substr\substr.sty"
Package: substr 2009/10/20 v1.2 Handle substrings
\c@su@anzahl=\count110
)
("C:\Program Files\MiKTeX 2.9\tex\latex\datatool\datatool-fp.sty"
Package: datatool-fp 2013/08/29 v2.17 (NLCT)

("C:\Program Files\MiKTeX 2.9\tex\latex\fp\fp.sty"
Package: fp 1995/04/02

`Fixed Point Package', Version 0.8, April 2, 1995 (C) Michael Mehlich
("C:\Program Files\MiKTeX 2.9\tex\latex\fp\defpattern.sty"
Package: defpattern 1994/10/12
\actioncount=\count111
)
("C:\Program Files\MiKTeX 2.9\tex\latex\fp\fp-basic.sty"
Package: fp-basic 1996/05/13
\FP@xs=\count112
\FP@xia=\count113
\FP@xib=\count114
\FP@xfa=\count115
\FP@xfb=\count116
\FP@rega=\count117
\FP@regb=\count118
\FP@regs=\count119
\FP@times=\count120
)
("C:\Program Files\MiKTeX 2.9\tex\latex\fp\fp-addons.sty"
Package: fp-addons 1995/03/15
)
("C:\Program Files\MiKTeX 2.9\tex\latex\fp\fp-snap.sty"
Package: fp-snap 1995/04/05
)
("C:\Program Files\MiKTeX 2.9\tex\latex\fp\fp-exp.sty"
Package: fp-exp 1995/04/03
)
("C:\Program Files\MiKTeX 2.9\tex\latex\fp\fp-trigo.sty"
Package: fp-trigo 1995/04/14
)
("C:\Program Files\MiKTeX 2.9\tex\latex\fp\fp-pas.sty"
Package: fp-pas 1994/08/29
)
("C:\Program Files\MiKTeX 2.9\tex\latex\fp\fp-random.sty"
Package: fp-random 1995/02/23
\FPseed=\count121
)
("C:\Program Files\MiKTeX 2.9\tex\latex\fp\fp-eqn.sty"
Package: fp-eqn 1995/04/03
)
("C:\Program Files\MiKTeX 2.9\tex\latex\fp\fp-upn.sty"
Package: fp-upn 1996/10/21
)
("C:\Program Files\MiKTeX 2.9\tex\latex\fp\fp-eval.sty"
Package: fp-eval 1995/04/03
)))
\@dtl@toks=\toks28
\@dtl@tmpcount=\count122
\dtl@tmplength=\skip65
\dtl@sortresult=\count123
\@dtl@numgrpsepcount=\count124
\@dtl@datatype=\count125
\dtl@codeA=\count126
\dtl@codeB=\count127
\@dtl@foreach@level=\count128
)
("C:\Program Files\MiKTeX 2.9\tex\latex\glossaries\base\glossaries-compatible-3
07.sty"
Package: glossaries-compatible-307 2013/11/14 v4.0 (NLCT)
)
\gls@level=\count129
\@gls@tmpb=\toks29
\gls@tmplen=\skip66
\glskeylisttok=\toks30
\glslabeltok=\toks31
\glsshorttok=\toks32
\glslongtok=\toks33

("C:\Program Files\MiKTeX 2.9\tex\latex\glossaries\styles\glossary-hypernav.sty
"
Package: glossary-hypernav 2013/11/14 v4.0 (NLCT)
) ("C:\Program Files\MiKTeX 2.9\tex\latex\glossaries\styles\glossary-list.sty"
Package: glossary-list 2013/11/14 v4.0 (NLCT)
\glslistdottedwidth=\skip67
) ("C:\Program Files\MiKTeX 2.9\tex\latex\glossaries\styles\glossary-long.sty"
Package: glossary-long 2013/11/14 v4.0 (NLCT)

("C:\Program Files\MiKTeX 2.9\tex\latex\tools\longtable.sty"
Package: longtable 2004/02/01 v4.11 Multi-page Table package (DPC)
\LTleft=\skip68
\LTright=\skip69
\LTpre=\skip70
\LTpost=\skip71
\LTchunksize=\count130
\LTcapwidth=\dimen130
\LT@head=\box31
\LT@firsthead=\box32
\LT@foot=\box33
\LT@lastfoot=\box34
\LT@cols=\count131
\LT@rows=\count132
\c@LT@tables=\count133
\c@LT@chunks=\count134
\LT@p@ftn=\toks34
)
\glsdescwidth=\skip72
\glspagelistwidth=\skip73
)
("C:\Program Files\MiKTeX 2.9\tex\latex\glossaries\styles\glossary-super.sty"
Package: glossary-super 2013/11/14 v4.0 (NLCT)

("C:\Program Files\MiKTeX 2.9\tex\latex\supertabular\supertabular.sty"
Package: supertabular 2004/02/20 v4.1e the supertabular environment
\c@tracingst=\count135
\ST@wd=\dimen131
\ST@rightskip=\skip74
\ST@leftskip=\skip75
\ST@parfillskip=\skip76
\ST@pageleft=\dimen132
\ST@headht=\dimen133
\ST@tailht=\dimen134
\ST@pagesofar=\dimen135
\ST@pboxht=\dimen136
\ST@lineht=\dimen137
\ST@stretchht=\dimen138
\ST@prevht=\dimen139
\ST@toadd=\dimen140
\ST@dimen=\dimen141
\ST@pbox=\box35
))
("C:\Program Files\MiKTeX 2.9\tex\latex\glossaries\styles\glossary-tree.sty"
Package: glossary-tree 2014/07/30 v4.08 (NLCT)
\glstreeindent=\skip77
))
\glswrite=\write3
\glo@main@file=\write4
Package glossaries Info: Writing glossary file tesi.glo on input line 14.

("C:\Program Files\MiKTeX 2.9\tex\latex\babel\babel.sty"
Package: babel 2014/03/24 3.9k The Babel package

*************************************
* Local config file bblopts.cfg used
*
("C:\Program Files\MiKTeX 2.9\tex\latex\00miktex\bblopts.cfg"
File: bblopts.cfg 2006/07/31 v1.0 MiKTeX 'babel' configuration
)
("C:\Program Files\MiKTeX 2.9\tex\latex\babel-italian\italian.ldf"
Language: italian 2014/03/29 v1.3k Italian support from the babel system

("C:\Program Files\MiKTeX 2.9\tex\latex\babel\babel.def"
File: babel.def 2014/03/24 3.9k Babel common definitions
\babel@savecnt=\count136
\U@D=\dimen142
)
\it@lettering=\count137
\it@doublequoteactive=\count138
\it@ISOcompliance=\count139
\Virgola=\count140
))
("C:\Program Files\MiKTeX 2.9\tex\latex\base\inputenc.sty"
Package: inputenc 2014/04/30 v1.2b Input encoding file
\inpenc@prehook=\toks35
\inpenc@posthook=\toks36

("C:\Program Files\MiKTeX 2.9\tex\latex\base\latin1.def"
File: latin1.def 2014/04/30 v1.2b Input encoding file
))
(C:\Users\Adriano\Documents\Tesi\tesi-gaibotti\tesi.aux
(C:\Users\Adriano\Documents\Tesi\tesi-gaibotti\frontespizio.aux)
(C:\Users\Adriano\Documents\Tesi\tesi-gaibotti\dedica.aux)
(C:\Users\Adriano\Documents\Tesi\tesi-gaibotti\sommario.aux)
(C:\Users\Adriano\Documents\Tesi\tesi-gaibotti\ringraziamenti.aux)
(C:\Users\Adriano\Documents\Tesi\tesi-gaibotti\introduzione.aux)
(C:\Users\Adriano\Documents\Tesi\tesi-gaibotti\statoArte.aux)
(C:\Users\Adriano\Documents\Tesi\tesi-gaibotti\formulazioneProblema.aux)
(C:\Users\Adriano\Documents\Tesi\tesi-gaibotti\soluzioneProposta.aux)
(C:\Users\Adriano\Documents\Tesi\tesi-gaibotti\proveSperimentali.aux)
(C:\Users\Adriano\Documents\Tesi\tesi-gaibotti\conclusioni.aux))
LaTeX Font Info:    Checking defaults for OML/cmm/m/it on input line 42.
LaTeX Font Info:    ... okay on input line 42.
LaTeX Font Info:    Checking defaults for T1/cmr/m/n on input line 42.
LaTeX Font Info:    ... okay on input line 42.
LaTeX Font Info:    Checking defaults for OT1/cmr/m/n on input line 42.
LaTeX Font Info:    ... okay on input line 42.
LaTeX Font Info:    Checking defaults for OMS/cmsy/m/n on input line 42.
LaTeX Font Info:    ... okay on input line 42.
LaTeX Font Info:    Checking defaults for OMX/cmex/m/n on input line 42.
LaTeX Font Info:    ... okay on input line 42.
LaTeX Font Info:    Checking defaults for U/cmr/m/n on input line 42.
LaTeX Font Info:    ... okay on input line 42.
Package caption Info: Begin \AtBeginDocument code.
Package caption Info: longtable package is loaded.

("C:\Program Files\MiKTeX 2.9\tex\latex\caption\ltcaption.sty"
Package: ltcaption 2013/02/03 v1.3-62 longtable captions (AR)
)
Package caption Info: supertabular package is loaded.
Package caption Info: End \AtBeginDocument code.
LaTeX Info: Redefining \it@ocap on input line 42.
LaTeX Info: Redefining \it@ccap on input line 42.


File italian.ldf warning: 
italian.ldf    With OT1 encoding guillemets are poorly faked
italian.ldf    Use T1 encoding
italian.ldf    or specify a font with command \CaporaliFrom
italian.ldf    See the documentation concerning the babel-italian typesetting 
italian.ldf    on input line 42.

(C:\Users\Adriano\Documents\Tesi\tesi-gaibotti\frontespizio.tex
File: ./pictures/logopm.eps Graphic file (type eps)

<./pictures/logopm.eps> [1


]) [2



]
(C:\Users\Adriano\Documents\Tesi\tesi-gaibotti\dedica.tex) [1


] [2


]
(C:\Users\Adriano\Documents\Tesi\tesi-gaibotti\sommario.tex
Underfull \hbox (badness 10000) in paragraph at lines 6--8

 []


Underfull \hbox (badness 10000) in paragraph at lines 9--19

 []

) [3


] [4] [5

] [6

]
(C:\Users\Adriano\Documents\Tesi\tesi-gaibotti\ringraziamenti.tex) [7


] [8


]
(C:\Users\Adriano\Documents\Tesi\tesi-gaibotti\tesi.toc
LaTeX Font Info:    Try loading font information for U+msa on input line 7.

("C:\Program Files\MiKTeX 2.9\tex\latex\amsfonts\umsa.fd"
File: umsa.fd 2013/01/14 v3.01 AMS symbols A
)
LaTeX Font Info:    Try loading font information for U+msb on input line 7.

("C:\Program Files\MiKTeX 2.9\tex\latex\amsfonts\umsb.fd"
File: umsb.fd 2013/01/14 v3.01 AMS symbols B
) [9])
\tf@toc=\write5
 [10]
(C:\Users\Adriano\Documents\Tesi\tesi-gaibotti\tesi.lof
Overfull \hbox (1.19843pt too wide) in paragraph at lines 9--9
 [][][] []\OT1/cmr/m/n/10.95 Trasformazione dal si-ste-ma di coor-di-na-te del-
l'am-bien-te a quel- 
 []

)
\tf@lof=\write6
 [11

] [12

] (C:\Users\Adriano\Documents\Tesi\tesi-gaibotti\tesi.lot)
\tf@lot=\write7
 [13]
[14

] [1] [2

] (C:\Users\Adriano\Documents\Tesi\tesi-gaibotti\introduzione.tex
Capitolo 1.
) [3


] (C:\Users\Adriano\Documents\Tesi\tesi-gaibotti\statoArte.tex [4



]
Capitolo 2.
File: ./pictures/cameraObscura.eps Graphic file (type eps)
<./pictures/cameraObscura.eps>

LaTeX Font Warning: Font shape `OT1/cmss/m/it' in size <10.95> not available
(Font)              Font shape `OT1/cmss/m/sl' tried instead on input line 35.


LaTeX Font Warning: Font shape `OT1/cmss/m/it' in size <10> not available
(Font)              Font shape `OT1/cmss/m/sl' tried instead on input line 35.

[5]
File: ./pictures/modelloCamera.eps Graphic file (type eps)
 <./pictures/modelloCamera.eps> [6]
LaTeX Font Info:    Try loading font information for OMS+cmr on input line 72.

("C:\Program Files\MiKTeX 2.9\tex\latex\base\omscmr.fd"
File: omscmr.fd 1999/05/25 v2.5h Standard LaTeX font definitions
)
LaTeX Font Info:    Font shape `OMS/cmr/m/n' in size <10.95> not available
(Font)              Font shape `OMS/cmsy/m/n' tried instead on input line 72.

Underfull \vbox (badness 3343) has occurred while \output is active []

 [7]
File: ./pictures/mappatura2d3d.eps Graphic file (type eps)

<./pictures/mappatura2d3d.eps> [8]
File: ./pictures/griglia.eps Graphic file (type eps)
 <./pictures/griglia.eps> [9]
File: ./pictures/rt.eps Graphic file (type eps)

<./pictures/rt.eps> [10]
File: ./diagrammi/tecnicheSOA.eps Graphic file (type eps)
 <./diagrammi/tecnicheSOA.eps> [11]
File: ./pictures/videoMonitoring.eps Graphic file (type eps)

<./pictures/videoMonitoring.eps> [12] [13] [14]
File: ./pictures/normale.eps Graphic file (type eps)
 <./pictures/normale.eps>
File: ./pictures/normale-fourier.eps Graphic file (type eps)

<./pictures/normale-fourier.eps>
File: ./pictures/sfocato.eps Graphic file (type eps)
 <./pictures/sfocato.eps>
File: ./pictures/sfocato-fourier.eps Graphic file (type eps)

<./pictures/sfocato-fourier.eps> [15] [16]
File: ./pictures/FPSalto/img0001.eps Graphic file (type eps)
 <./pictures/FPSalto/img0001.eps>
File: ./pictures/FPSalto/img0002.eps Graphic file (type eps)

<./pictures/FPSalto/img0002.eps>
File: ./pictures/FPSalto/img0003.eps Graphic file (type eps)
 <./pictures/FPSalto/img0003.eps>
File: ./pictures/FPSalto/img0004.eps Graphic file (type eps)

<./pictures/FPSalto/img0004.eps>
File: ./pictures/FPSalto/img0005.eps Graphic file (type eps)
 <./pictures/FPSalto/img0005.eps>
File: ./pictures/FPSalto/img0006.eps Graphic file (type eps)

<./pictures/FPSalto/img0006.eps>
File: ./pictures/FPSalto/img0007.eps Graphic file (type eps)
 <./pictures/FPSalto/img0007.eps>
File: ./pictures/FPSalto/img0008.eps Graphic file (type eps)

<./pictures/FPSalto/img0008.eps>
File: ./pictures/FPSalto/img0009.eps Graphic file (type eps)
 <./pictures/FPSalto/img0009.eps>
File: ./pictures/FPSalto/img0010.eps Graphic file (type eps)

<./pictures/FPSalto/img0010.eps>
File: ./pictures/FPSalto/img0011.eps Graphic file (type eps)
 <./pictures/FPSalto/img0011.eps>
File: ./pictures/FPSalto/img0012.eps Graphic file (type eps)

<./pictures/FPSalto/img0012.eps>
File: ./pictures/FPSbasso/image2691.eps Graphic file (type eps)
 <./pictures/FPSbasso/image2691.eps>
File: ./pictures/FPSbasso/image2692.eps Graphic file (type eps)

<./pictures/FPSbasso/image2692.eps>
File: ./pictures/FPSbasso/image2693.eps Graphic file (type eps)
 <./pictures/FPSbasso/image2693.eps>
File: ./pictures/FPSbasso/image2694.eps Graphic file (type eps)

<./pictures/FPSbasso/image2694.eps>
File: ./pictures/FPSbasso/image2695.eps Graphic file (type eps)
 <./pictures/FPSbasso/image2695.eps>
File: ./pictures/FPSbasso/image2696.eps Graphic file (type eps)

<./pictures/FPSbasso/image2696.eps>
File: ./pictures/FPSbasso/image2697.eps Graphic file (type eps)
 <./pictures/FPSbasso/image2697.eps>
File: ./pictures/FPSbasso/image2698.eps Graphic file (type eps)

<./pictures/FPSbasso/image2698.eps>
File: ./pictures/FPSbasso/image2699.eps Graphic file (type eps)
 <./pictures/FPSbasso/image2699.eps>
File: ./pictures/FPSbasso/image2700.eps Graphic file (type eps)

<./pictures/FPSbasso/image2700.eps>
File: ./pictures/FPSbasso/image2701.eps Graphic file (type eps)
 <./pictures/FPSbasso/image2701.eps>
File: ./pictures/FPSbasso/image2702.eps Graphic file (type eps)

<./pictures/FPSbasso/image2702.eps> [17]
Underfull \vbox (badness 6141) has occurred while \output is active []

 [18]
[19]) [20]
(C:\Users\Adriano\Documents\Tesi\tesi-gaibotti\formulazioneProblema.tex
Capitolo 3.
File: ./pictures/pioggia.eps Graphic file (type eps)
<./pictures/pioggia.eps>
File: ./pictures/bassiniDEFOCUS.eps Graphic file (type eps)
 <./pictures/bassiniDEFOCUS.eps> [21



] [22]
File: ./pictures/image0001.eps Graphic file (type eps)

<./pictures/image0001.eps>
File: ./pictures/image0002.eps Graphic file (type eps)
 <./pictures/image0002.eps>
File: ./pictures/image0003.eps Graphic file (type eps)

<./pictures/image0003.eps>
File: ./pictures/image0004.eps Graphic file (type eps)
 <./pictures/image0004.eps>
File: ./pictures/image0005.eps Graphic file (type eps)

<./pictures/image0005.eps>
File: ./pictures/image0006.eps Graphic file (type eps)
 <./pictures/image0006.eps>
File: ./pictures/image0007.eps Graphic file (type eps)

<./pictures/image0007.eps>
File: ./pictures/image0008.eps Graphic file (type eps)
 <./pictures/image0008.eps>
File: ./pictures/testiORIGINALE.eps Graphic file (type eps)

<./pictures/testiORIGINALE.eps>
File: ./pictures/testiDISPLACEMENT.eps Graphic file (type eps)
 <./pictures/testiDISPLACEMENT.eps> [23]
File: ./pictures/calza.eps Graphic file (type eps)

<./pictures/calza.eps>
File: ./pictures/neve.eps Graphic file (type eps)
 <./pictures/neve.eps> [24]
File: ./pictures/erroreTrasm.eps Graphic file (type eps)
 <./pictures/erroreTrasm.eps>
File: ./pictures/rumore.eps Graphic file (type eps)

<./pictures/rumore.eps> [25]) [26]
(C:\Users\Adriano\Documents\Tesi\tesi-gaibotti\soluzioneProposta.tex
Capitolo 4.
) [27



] (C:\Users\Adriano\Documents\Tesi\tesi-gaibotti\proveSperimentali.tex
[28



]
Capitolo 5.

Underfull \vbox (badness 1527) has occurred while \output is active []

 [29])
[30] (C:\Users\Adriano\Documents\Tesi\tesi-gaibotti\conclusioni.tex
Capitolo 6.
) [31



] [32


] (C:\Users\Adriano\Documents\Tesi\tesi-gaibotti\tesi.bbl
Underfull \hbox (badness 10000) in paragraph at lines 14--16
[][]$\OT1/cmtt/m/n/10.95 http : / / www . mitan . it / security-[]solution / vi
deosorveglianza /
 []


Underfull \hbox (badness 2443) in paragraph at lines 14--16
\OT1/cmtt/m/n/10.95 sistemi-[]di-[]videosorveglianza-[]e-[]registrazione/$\OT1/
cmr/m/n/10.95 .  Vi-si-ta-to il
 []

[33


] [34]
Underfull \hbox (badness 10000) in paragraph at lines 142--143
[][]$\OT1/cmtt/m/n/10.95 http : / / www . arm . com / products / processors / c
lassic / arm11 /
 []


Underfull \hbox (badness 10000) in paragraph at lines 145--146
[][]$\OT1/cmtt/m/n/10.95 http : / / www . broadcom . com / products / technolog
y / mobmm _
 []

)

Package glossaries Warning: No \printglossary or \printglossaries found.
(Remove \makeglossaries if you don't want any glossaries.)
This document will not have a glossary.

[35] (C:\Users\Adriano\Documents\Tesi\tesi-gaibotti\tesi.aux
(C:\Users\Adriano\Documents\Tesi\tesi-gaibotti\frontespizio.aux)
(C:\Users\Adriano\Documents\Tesi\tesi-gaibotti\dedica.aux)
(C:\Users\Adriano\Documents\Tesi\tesi-gaibotti\sommario.aux)
(C:\Users\Adriano\Documents\Tesi\tesi-gaibotti\ringraziamenti.aux)
(C:\Users\Adriano\Documents\Tesi\tesi-gaibotti\introduzione.aux)
(C:\Users\Adriano\Documents\Tesi\tesi-gaibotti\statoArte.aux)
(C:\Users\Adriano\Documents\Tesi\tesi-gaibotti\formulazioneProblema.aux)
(C:\Users\Adriano\Documents\Tesi\tesi-gaibotti\soluzioneProposta.aux)
(C:\Users\Adriano\Documents\Tesi\tesi-gaibotti\proveSperimentali.aux)
(C:\Users\Adriano\Documents\Tesi\tesi-gaibotti\conclusioni.aux)) ) 
Here is how much of TeX's memory you used:
 7730 strings out of 493707
 116377 string characters out of 3144604
 229092 words of memory out of 3000000
 10743 multiletter control sequences out of 15000+200000
 16713 words of font info for 61 fonts, out of 3000000 for 9000
 1026 hyphenation exceptions out of 8191
 46i,11n,77p,2182b,463s stack positions out of 5000i,500n,10000p,200000b,50000s

Output written on tesi.dvi (51 pages, 104052 bytes).
