\BOOKMARK [0][-]{chapter*.2}{Sommario}{}% 1
\BOOKMARK [0][-]{chapter*.3}{Ringraziamenti}{}% 2
\BOOKMARK [0][-]{chapter.1}{Introduzione}{}% 3
\BOOKMARK [0][-]{chapter.2}{Stato dell'arte}{}% 4
\BOOKMARK [1][-]{section.2.1}{Modello della camera}{chapter.2}% 5
\BOOKMARK [2][-]{subsection.2.1.1}{La matrice prospettica della camera}{section.2.1}% 6
\BOOKMARK [2][-]{subsection.2.1.2}{Parametri intrinseci}{section.2.1}% 7
\BOOKMARK [2][-]{subsection.2.1.3}{Parametri estrinseci}{section.2.1}% 8
\BOOKMARK [1][-]{section.2.2}{Tampering Detection}{chapter.2}% 9
\BOOKMARK [2][-]{subsection.2.2.1}{Concetti e terminologia}{section.2.2}% 10
\BOOKMARK [2][-]{subsection.2.2.2}{Tecniche basate su confronto di background}{section.2.2}% 11
\BOOKMARK [2][-]{subsection.2.2.3}{Tecniche basate su monitoraggio sequenziale}{section.2.2}% 12
\BOOKMARK [0][-]{chapter.3}{Impostazione del problema di ricerca}{}% 13
\BOOKMARK [1][-]{section.3.1}{Modello delle osservazioni}{chapter.3}% 14
\BOOKMARK [2][-]{subsection.3.1.1}{Scena e posizione della camera}{section.3.1}% 15
\BOOKMARK [2][-]{subsection.3.1.2}{Sfocatura}{section.3.1}% 16
\BOOKMARK [2][-]{subsection.3.1.3}{Spostamento della camera}{section.3.1}% 17
\BOOKMARK [2][-]{subsection.3.1.4}{Occlusione e guasti della camera}{section.3.1}% 18
\BOOKMARK [1][-]{section.3.2}{Tampering detection}{chapter.3}% 19
\BOOKMARK [0][-]{chapter.4}{Soluzione proposta}{}% 20
\BOOKMARK [1][-]{section.4.1}{Estrazione dei descrittori del cambiamento}{chapter.4}% 21
\BOOKMARK [1][-]{section.4.2}{Algoritmo di segmentazione}{chapter.4}% 22
\BOOKMARK [1][-]{section.4.3}{Monitoraggio one-shot}{chapter.4}% 23
\BOOKMARK [1][-]{section.4.4}{Monitoraggio sequenziale}{chapter.4}% 24
\BOOKMARK [0][-]{chapter.5}{Realizzazioni sperimentali e valutazione}{}% 25
\BOOKMARK [1][-]{section.5.1}{Acquisizione dei dataset}{chapter.5}% 26
\BOOKMARK [1][-]{section.5.2}{Risultati}{chapter.5}% 27
\BOOKMARK [0][-]{chapter.6}{Direzioni future di ricerca e conclusioni}{}% 28
\BOOKMARK [0][-]{chapter.6}{Bibliografia}{}% 29
